{
  "stats": {
    "suites": 1,
    "tests": 2,
    "passes": 2,
    "pending": 0,
    "failures": 0,
    "start": "2023-11-30T16:24:18.972Z",
    "end": "2023-11-30T16:24:47.432Z",
    "duration": 28460,
    "testsRegistered": 2,
    "passPercent": 100,
    "pendingPercent": 0,
    "other": 0,
    "hasOther": false,
    "skipped": 0,
    "hasSkipped": false
  },
  "results": [
    {
      "uuid": "bbfcf643-fda6-4fd5-8f2c-fa993f045dcc",
      "title": "",
      "fullFile": "cypress/e2e/methods/hooks.js",
      "file": "cypress/e2e/methods/hooks.js",
      "beforeHooks": [],
      "afterHooks": [],
      "tests": [],
      "suites": [
        {
          "uuid": "09ce7645-8f3e-4ec2-95fd-6288d89bba23",
          "title": "practicing hooks",
          "fullFile": "",
          "file": "",
          "beforeHooks": [],
          "afterHooks": [],
          "tests": [
            {
              "title": "Test 1",
              "fullTitle": "practicing hooks Test 1",
              "timedOut": null,
              "duration": 24049,
              "state": "passed",
              "speed": "slow",
              "pass": true,
              "fail": false,
              "pending": false,
              "context": null,
              "code": "cy.contains(\"Admin\").click();",
              "err": {},
              "uuid": "16fa351a-d6b1-4baa-b658-5ad6a0450658",
              "parentUUID": "09ce7645-8f3e-4ec2-95fd-6288d89bba23",
              "isHook": false,
              "skipped": false
            },
            {
              "title": "Test 2",
              "fullTitle": "practicing hooks Test 2",
              "timedOut": null,
              "duration": 4383,
              "state": "passed",
              "speed": "fast",
              "pass": true,
              "fail": false,
              "pending": false,
              "context": null,
              "code": "cy.contains(\"PIM\").click();",
              "err": {},
              "uuid": "8456f8d8-adf0-4113-aea3-b765ec55c29f",
              "parentUUID": "09ce7645-8f3e-4ec2-95fd-6288d89bba23",
              "isHook": false,
              "skipped": false
            }
          ],
          "suites": [],
          "passes": [
            "16fa351a-d6b1-4baa-b658-5ad6a0450658",
            "8456f8d8-adf0-4113-aea3-b765ec55c29f"
          ],
          "failures": [],
          "pending": [],
          "skipped": [],
          "duration": 28432,
          "root": false,
          "rootEmpty": false,
          "_timeout": 2000
        }
      ],
      "passes": [],
      "failures": [],
      "pending": [],
      "skipped": [],
      "duration": 0,
      "root": true,
      "rootEmpty": true,
      "_timeout": 2000
    }
  ],
  "meta": {
    "mocha": {
      "version": "7.0.1"
    },
    "mochawesome": {
      "options": {
        "quiet": false,
        "reportFilename": "mochawesome",
        "saveHtml": true,
        "saveJson": true,
        "consoleReporter": "spec",
        "useInlineDiffs": false,
        "code": true
      },
      "version": "7.1.3"
    },
    "marge": {
      "options": null,
      "version": "6.2.0"
    }
  }
}