{
  "stats": {
    "suites": 1,
    "tests": 2,
    "passes": 2,
    "pending": 0,
    "failures": 0,
    "start": "2023-11-30T02:13:16.993Z",
    "end": "2023-11-30T02:13:26.722Z",
    "duration": 9729,
    "testsRegistered": 2,
    "passPercent": 100,
    "pendingPercent": 0,
    "other": 0,
    "hasOther": false,
    "skipped": 0,
    "hasSkipped": false
  },
  "results": [
    {
      "uuid": "a8c6ca67-280e-48f3-b1e9-eaa4b8fde747",
      "title": "",
      "fullFile": "cypress/e2e/methods/hooks.js",
      "file": "cypress/e2e/methods/hooks.js",
      "beforeHooks": [],
      "afterHooks": [],
      "tests": [],
      "suites": [
        {
          "uuid": "43fe33d9-6699-42d7-9e8b-952f60dd2154",
          "title": "practicing hooks",
          "fullFile": "",
          "file": "",
          "beforeHooks": [],
          "afterHooks": [],
          "tests": [
            {
              "title": "Test 1",
              "fullTitle": "practicing hooks Test 1",
              "timedOut": null,
              "duration": 5960,
              "state": "passed",
              "speed": "medium",
              "pass": true,
              "fail": false,
              "pending": false,
              "context": null,
              "code": "cy.contains(\"Admin\").click();",
              "err": {},
              "uuid": "2c77bb63-860d-4e63-a0df-72ce8d703aea",
              "parentUUID": "43fe33d9-6699-42d7-9e8b-952f60dd2154",
              "isHook": false,
              "skipped": false
            },
            {
              "title": "Test 2",
              "fullTitle": "practicing hooks Test 2",
              "timedOut": null,
              "duration": 3733,
              "state": "passed",
              "speed": "fast",
              "pass": true,
              "fail": false,
              "pending": false,
              "context": null,
              "code": "cy.contains(\"PIM\").click();",
              "err": {},
              "uuid": "79087bff-ed3d-4ab3-be90-e84a365c296b",
              "parentUUID": "43fe33d9-6699-42d7-9e8b-952f60dd2154",
              "isHook": false,
              "skipped": false
            }
          ],
          "suites": [],
          "passes": [
            "2c77bb63-860d-4e63-a0df-72ce8d703aea",
            "79087bff-ed3d-4ab3-be90-e84a365c296b"
          ],
          "failures": [],
          "pending": [],
          "skipped": [],
          "duration": 9693,
          "root": false,
          "rootEmpty": false,
          "_timeout": 2000
        }
      ],
      "passes": [],
      "failures": [],
      "pending": [],
      "skipped": [],
      "duration": 0,
      "root": true,
      "rootEmpty": true,
      "_timeout": 2000
    }
  ],
  "meta": {
    "mocha": {
      "version": "7.0.1"
    },
    "mochawesome": {
      "options": {
        "quiet": false,
        "reportFilename": "mochawesome",
        "saveHtml": true,
        "saveJson": true,
        "consoleReporter": "spec",
        "useInlineDiffs": false,
        "code": true
      },
      "version": "7.1.3"
    },
    "marge": {
      "options": null,
      "version": "6.2.0"
    }
  }
}